0 info it worked if it ends with ok
1 verbose cli [ '/home/ec2-user/.nvm/versions/node/v6.14.4/bin/node',
1 verbose cli   '/usr/bin/npm',
1 verbose cli   'install' ]
2 info using npm@1.3.6
3 info using node@v6.14.4
4 verbose readDependencies using package.json deps
5 verbose install where, deps [ '/home/ec2-user/environment/major-studio-2/frameworks/05-geo',
5 verbose install   [ 'core-js',
5 verbose install     'd3',
5 verbose install     'element-plus',
5 verbose install     'mapbox-gl',
5 verbose install     'vue',
5 verbose install     '@vue/cli-plugin-babel',
5 verbose install     '@vue/cli-plugin-eslint',
5 verbose install     '@vue/cli-service',
5 verbose install     '@vue/compiler-sfc',
5 verbose install     'babel-eslint',
5 verbose install     'eslint',
5 verbose install     'eslint-plugin-vue' ] ]
6 info preinstall 03-vue-server@0.1.0
7 verbose readDependencies using package.json deps
8 verbose cache add [ 'core-js@^3.6.5', null ]
9 verbose cache add name=undefined spec="core-js@^3.6.5" args=["core-js@^3.6.5",null]
10 verbose parsed url Url {
10 verbose parsed url   protocol: null,
10 verbose parsed url   slashes: null,
10 verbose parsed url   auth: null,
10 verbose parsed url   host: null,
10 verbose parsed url   port: null,
10 verbose parsed url   hostname: null,
10 verbose parsed url   hash: null,
10 verbose parsed url   search: null,
10 verbose parsed url   query: null,
10 verbose parsed url   pathname: 'core-js@%5E3.6.5',
10 verbose parsed url   path: 'core-js@%5E3.6.5',
10 verbose parsed url   href: 'core-js@%5E3.6.5' }
11 verbose cache add name="core-js" spec="^3.6.5" args=["core-js","^3.6.5"]
12 verbose parsed url Url {
12 verbose parsed url   protocol: null,
12 verbose parsed url   slashes: null,
12 verbose parsed url   auth: null,
12 verbose parsed url   host: null,
12 verbose parsed url   port: null,
12 verbose parsed url   hostname: null,
12 verbose parsed url   hash: null,
12 verbose parsed url   search: null,
12 verbose parsed url   query: null,
12 verbose parsed url   pathname: '%5E3.6.5',
12 verbose parsed url   path: '%5E3.6.5',
12 verbose parsed url   href: '%5E3.6.5' }
13 verbose addNamed [ 'core-js', '^3.6.5' ]
14 verbose addNamed [ null, '>=3.6.5-0 <4.0.0-0' ]
15 verbose cache add [ 'd3@^6.5.0', null ]
16 verbose cache add name=undefined spec="d3@^6.5.0" args=["d3@^6.5.0",null]
17 verbose parsed url Url {
17 verbose parsed url   protocol: null,
17 verbose parsed url   slashes: null,
17 verbose parsed url   auth: null,
17 verbose parsed url   host: null,
17 verbose parsed url   port: null,
17 verbose parsed url   hostname: null,
17 verbose parsed url   hash: null,
17 verbose parsed url   search: null,
17 verbose parsed url   query: null,
17 verbose parsed url   pathname: 'd3@%5E6.5.0',
17 verbose parsed url   path: 'd3@%5E6.5.0',
17 verbose parsed url   href: 'd3@%5E6.5.0' }
18 verbose cache add name="d3" spec="^6.5.0" args=["d3","^6.5.0"]
19 verbose parsed url Url {
19 verbose parsed url   protocol: null,
19 verbose parsed url   slashes: null,
19 verbose parsed url   auth: null,
19 verbose parsed url   host: null,
19 verbose parsed url   port: null,
19 verbose parsed url   hostname: null,
19 verbose parsed url   hash: null,
19 verbose parsed url   search: null,
19 verbose parsed url   query: null,
19 verbose parsed url   pathname: '%5E6.5.0',
19 verbose parsed url   path: '%5E6.5.0',
19 verbose parsed url   href: '%5E6.5.0' }
20 verbose addNamed [ 'd3', '^6.5.0' ]
21 verbose addNamed [ null, '>=6.5.0-0 <7.0.0-0' ]
22 verbose cache add [ 'element-plus@^1.0.2-beta.33', null ]
23 verbose cache add name=undefined spec="element-plus@^1.0.2-beta.33" args=["element-plus@^1.0.2-beta.33",null]
24 verbose parsed url Url {
24 verbose parsed url   protocol: null,
24 verbose parsed url   slashes: null,
24 verbose parsed url   auth: null,
24 verbose parsed url   host: null,
24 verbose parsed url   port: null,
24 verbose parsed url   hostname: null,
24 verbose parsed url   hash: null,
24 verbose parsed url   search: null,
24 verbose parsed url   query: null,
24 verbose parsed url   pathname: 'element-plus@%5E1.0.2-beta.33',
24 verbose parsed url   path: 'element-plus@%5E1.0.2-beta.33',
24 verbose parsed url   href: 'element-plus@%5E1.0.2-beta.33' }
25 verbose cache add name="element-plus" spec="^1.0.2-beta.33" args=["element-plus","^1.0.2-beta.33"]
26 verbose parsed url Url {
26 verbose parsed url   protocol: null,
26 verbose parsed url   slashes: null,
26 verbose parsed url   auth: null,
26 verbose parsed url   host: null,
26 verbose parsed url   port: null,
26 verbose parsed url   hostname: null,
26 verbose parsed url   hash: null,
26 verbose parsed url   search: null,
26 verbose parsed url   query: null,
26 verbose parsed url   pathname: '%5E1.0.2-beta.33',
26 verbose parsed url   path: '%5E1.0.2-beta.33',
26 verbose parsed url   href: '%5E1.0.2-beta.33' }
27 verbose addNamed [ 'element-plus', '^1.0.2-beta.33' ]
28 verbose addNamed [ null, '>=1.0.2-beta.33 <2.0.0-0' ]
29 verbose cache add [ 'mapbox-gl@^2.1.1', null ]
30 verbose cache add name=undefined spec="mapbox-gl@^2.1.1" args=["mapbox-gl@^2.1.1",null]
31 verbose parsed url Url {
31 verbose parsed url   protocol: null,
31 verbose parsed url   slashes: null,
31 verbose parsed url   auth: null,
31 verbose parsed url   host: null,
31 verbose parsed url   port: null,
31 verbose parsed url   hostname: null,
31 verbose parsed url   hash: null,
31 verbose parsed url   search: null,
31 verbose parsed url   query: null,
31 verbose parsed url   pathname: 'mapbox-gl@%5E2.1.1',
31 verbose parsed url   path: 'mapbox-gl@%5E2.1.1',
31 verbose parsed url   href: 'mapbox-gl@%5E2.1.1' }
32 verbose cache add name="mapbox-gl" spec="^2.1.1" args=["mapbox-gl","^2.1.1"]
33 verbose parsed url Url {
33 verbose parsed url   protocol: null,
33 verbose parsed url   slashes: null,
33 verbose parsed url   auth: null,
33 verbose parsed url   host: null,
33 verbose parsed url   port: null,
33 verbose parsed url   hostname: null,
33 verbose parsed url   hash: null,
33 verbose parsed url   search: null,
33 verbose parsed url   query: null,
33 verbose parsed url   pathname: '%5E2.1.1',
33 verbose parsed url   path: '%5E2.1.1',
33 verbose parsed url   href: '%5E2.1.1' }
34 verbose addNamed [ 'mapbox-gl', '^2.1.1' ]
35 verbose addNamed [ null, '>=2.1.1-0 <3.0.0-0' ]
36 verbose cache add [ 'vue@^3.0.0', null ]
37 verbose cache add name=undefined spec="vue@^3.0.0" args=["vue@^3.0.0",null]
38 verbose parsed url Url {
38 verbose parsed url   protocol: null,
38 verbose parsed url   slashes: null,
38 verbose parsed url   auth: null,
38 verbose parsed url   host: null,
38 verbose parsed url   port: null,
38 verbose parsed url   hostname: null,
38 verbose parsed url   hash: null,
38 verbose parsed url   search: null,
38 verbose parsed url   query: null,
38 verbose parsed url   pathname: 'vue@%5E3.0.0',
38 verbose parsed url   path: 'vue@%5E3.0.0',
38 verbose parsed url   href: 'vue@%5E3.0.0' }
39 verbose cache add name="vue" spec="^3.0.0" args=["vue","^3.0.0"]
40 verbose parsed url Url {
40 verbose parsed url   protocol: null,
40 verbose parsed url   slashes: null,
40 verbose parsed url   auth: null,
40 verbose parsed url   host: null,
40 verbose parsed url   port: null,
40 verbose parsed url   hostname: null,
40 verbose parsed url   hash: null,
40 verbose parsed url   search: null,
40 verbose parsed url   query: null,
40 verbose parsed url   pathname: '%5E3.0.0',
40 verbose parsed url   path: '%5E3.0.0',
40 verbose parsed url   href: '%5E3.0.0' }
41 verbose addNamed [ 'vue', '^3.0.0' ]
42 verbose addNamed [ null, '>=3.0.0-0 <4.0.0-0' ]
43 verbose cache add [ '@vue/cli-plugin-babel@~4.5.0', null ]
44 verbose cache add name=undefined spec="@vue/cli-plugin-babel@~4.5.0" args=["@vue/cli-plugin-babel@~4.5.0",null]
45 verbose parsed url Url {
45 verbose parsed url   protocol: null,
45 verbose parsed url   slashes: null,
45 verbose parsed url   auth: null,
45 verbose parsed url   host: null,
45 verbose parsed url   port: null,
45 verbose parsed url   hostname: null,
45 verbose parsed url   hash: null,
45 verbose parsed url   search: null,
45 verbose parsed url   query: null,
45 verbose parsed url   pathname: '@vue/cli-plugin-babel@~4.5.0',
45 verbose parsed url   path: '@vue/cli-plugin-babel@~4.5.0',
45 verbose parsed url   href: '@vue/cli-plugin-babel@~4.5.0' }
46 verbose cache add name="" spec="vue/cli-plugin-babel@~4.5.0" args=["","vue/cli-plugin-babel@~4.5.0"]
47 verbose parsed url Url {
47 verbose parsed url   protocol: null,
47 verbose parsed url   slashes: null,
47 verbose parsed url   auth: null,
47 verbose parsed url   host: null,
47 verbose parsed url   port: null,
47 verbose parsed url   hostname: null,
47 verbose parsed url   hash: null,
47 verbose parsed url   search: null,
47 verbose parsed url   query: null,
47 verbose parsed url   pathname: 'vue/cli-plugin-babel@~4.5.0',
47 verbose parsed url   path: 'vue/cli-plugin-babel@~4.5.0',
47 verbose parsed url   href: 'vue/cli-plugin-babel@~4.5.0' }
48 verbose cache add name="vue/cli-plugin-babel" spec="~4.5.0" args=["vue/cli-plugin-babel","~4.5.0"]
49 verbose parsed url Url {
49 verbose parsed url   protocol: null,
49 verbose parsed url   slashes: null,
49 verbose parsed url   auth: null,
49 verbose parsed url   host: null,
49 verbose parsed url   port: null,
49 verbose parsed url   hostname: null,
49 verbose parsed url   hash: null,
49 verbose parsed url   search: null,
49 verbose parsed url   query: null,
49 verbose parsed url   pathname: '~4.5.0',
49 verbose parsed url   path: '~4.5.0',
49 verbose parsed url   href: '~4.5.0' }
50 verbose addNamed [ 'vue/cli-plugin-babel', '~4.5.0' ]
51 verbose addNamed [ null, '>=4.5.0-0 <4.6.0-0' ]
52 verbose cache add [ '@vue/cli-plugin-eslint@~4.5.0', null ]
53 verbose cache add name=undefined spec="@vue/cli-plugin-eslint@~4.5.0" args=["@vue/cli-plugin-eslint@~4.5.0",null]
54 verbose parsed url Url {
54 verbose parsed url   protocol: null,
54 verbose parsed url   slashes: null,
54 verbose parsed url   auth: null,
54 verbose parsed url   host: null,
54 verbose parsed url   port: null,
54 verbose parsed url   hostname: null,
54 verbose parsed url   hash: null,
54 verbose parsed url   search: null,
54 verbose parsed url   query: null,
54 verbose parsed url   pathname: '@vue/cli-plugin-eslint@~4.5.0',
54 verbose parsed url   path: '@vue/cli-plugin-eslint@~4.5.0',
54 verbose parsed url   href: '@vue/cli-plugin-eslint@~4.5.0' }
55 verbose cache add name="" spec="vue/cli-plugin-eslint@~4.5.0" args=["","vue/cli-plugin-eslint@~4.5.0"]
56 verbose parsed url Url {
56 verbose parsed url   protocol: null,
56 verbose parsed url   slashes: null,
56 verbose parsed url   auth: null,
56 verbose parsed url   host: null,
56 verbose parsed url   port: null,
56 verbose parsed url   hostname: null,
56 verbose parsed url   hash: null,
56 verbose parsed url   search: null,
56 verbose parsed url   query: null,
56 verbose parsed url   pathname: 'vue/cli-plugin-eslint@~4.5.0',
56 verbose parsed url   path: 'vue/cli-plugin-eslint@~4.5.0',
56 verbose parsed url   href: 'vue/cli-plugin-eslint@~4.5.0' }
57 verbose cache add name="vue/cli-plugin-eslint" spec="~4.5.0" args=["vue/cli-plugin-eslint","~4.5.0"]
58 verbose parsed url Url {
58 verbose parsed url   protocol: null,
58 verbose parsed url   slashes: null,
58 verbose parsed url   auth: null,
58 verbose parsed url   host: null,
58 verbose parsed url   port: null,
58 verbose parsed url   hostname: null,
58 verbose parsed url   hash: null,
58 verbose parsed url   search: null,
58 verbose parsed url   query: null,
58 verbose parsed url   pathname: '~4.5.0',
58 verbose parsed url   path: '~4.5.0',
58 verbose parsed url   href: '~4.5.0' }
59 verbose addNamed [ 'vue/cli-plugin-eslint', '~4.5.0' ]
60 verbose addNamed [ null, '>=4.5.0-0 <4.6.0-0' ]
61 verbose cache add [ '@vue/cli-service@~4.5.0', null ]
62 verbose cache add name=undefined spec="@vue/cli-service@~4.5.0" args=["@vue/cli-service@~4.5.0",null]
63 verbose parsed url Url {
63 verbose parsed url   protocol: null,
63 verbose parsed url   slashes: null,
63 verbose parsed url   auth: null,
63 verbose parsed url   host: null,
63 verbose parsed url   port: null,
63 verbose parsed url   hostname: null,
63 verbose parsed url   hash: null,
63 verbose parsed url   search: null,
63 verbose parsed url   query: null,
63 verbose parsed url   pathname: '@vue/cli-service@~4.5.0',
63 verbose parsed url   path: '@vue/cli-service@~4.5.0',
63 verbose parsed url   href: '@vue/cli-service@~4.5.0' }
64 verbose cache add name="" spec="vue/cli-service@~4.5.0" args=["","vue/cli-service@~4.5.0"]
65 verbose parsed url Url {
65 verbose parsed url   protocol: null,
65 verbose parsed url   slashes: null,
65 verbose parsed url   auth: null,
65 verbose parsed url   host: null,
65 verbose parsed url   port: null,
65 verbose parsed url   hostname: null,
65 verbose parsed url   hash: null,
65 verbose parsed url   search: null,
65 verbose parsed url   query: null,
65 verbose parsed url   pathname: 'vue/cli-service@~4.5.0',
65 verbose parsed url   path: 'vue/cli-service@~4.5.0',
65 verbose parsed url   href: 'vue/cli-service@~4.5.0' }
66 verbose cache add name="vue/cli-service" spec="~4.5.0" args=["vue/cli-service","~4.5.0"]
67 verbose parsed url Url {
67 verbose parsed url   protocol: null,
67 verbose parsed url   slashes: null,
67 verbose parsed url   auth: null,
67 verbose parsed url   host: null,
67 verbose parsed url   port: null,
67 verbose parsed url   hostname: null,
67 verbose parsed url   hash: null,
67 verbose parsed url   search: null,
67 verbose parsed url   query: null,
67 verbose parsed url   pathname: '~4.5.0',
67 verbose parsed url   path: '~4.5.0',
67 verbose parsed url   href: '~4.5.0' }
68 verbose addNamed [ 'vue/cli-service', '~4.5.0' ]
69 verbose addNamed [ null, '>=4.5.0-0 <4.6.0-0' ]
70 verbose cache add [ '@vue/compiler-sfc@^3.0.0', null ]
71 verbose cache add name=undefined spec="@vue/compiler-sfc@^3.0.0" args=["@vue/compiler-sfc@^3.0.0",null]
72 verbose parsed url Url {
72 verbose parsed url   protocol: null,
72 verbose parsed url   slashes: null,
72 verbose parsed url   auth: null,
72 verbose parsed url   host: null,
72 verbose parsed url   port: null,
72 verbose parsed url   hostname: null,
72 verbose parsed url   hash: null,
72 verbose parsed url   search: null,
72 verbose parsed url   query: null,
72 verbose parsed url   pathname: '@vue/compiler-sfc@%5E3.0.0',
72 verbose parsed url   path: '@vue/compiler-sfc@%5E3.0.0',
72 verbose parsed url   href: '@vue/compiler-sfc@%5E3.0.0' }
73 verbose cache add name="" spec="vue/compiler-sfc@^3.0.0" args=["","vue/compiler-sfc@^3.0.0"]
74 verbose parsed url Url {
74 verbose parsed url   protocol: null,
74 verbose parsed url   slashes: null,
74 verbose parsed url   auth: null,
74 verbose parsed url   host: null,
74 verbose parsed url   port: null,
74 verbose parsed url   hostname: null,
74 verbose parsed url   hash: null,
74 verbose parsed url   search: null,
74 verbose parsed url   query: null,
74 verbose parsed url   pathname: 'vue/compiler-sfc@%5E3.0.0',
74 verbose parsed url   path: 'vue/compiler-sfc@%5E3.0.0',
74 verbose parsed url   href: 'vue/compiler-sfc@%5E3.0.0' }
75 verbose cache add name="vue/compiler-sfc" spec="^3.0.0" args=["vue/compiler-sfc","^3.0.0"]
76 verbose parsed url Url {
76 verbose parsed url   protocol: null,
76 verbose parsed url   slashes: null,
76 verbose parsed url   auth: null,
76 verbose parsed url   host: null,
76 verbose parsed url   port: null,
76 verbose parsed url   hostname: null,
76 verbose parsed url   hash: null,
76 verbose parsed url   search: null,
76 verbose parsed url   query: null,
76 verbose parsed url   pathname: '%5E3.0.0',
76 verbose parsed url   path: '%5E3.0.0',
76 verbose parsed url   href: '%5E3.0.0' }
77 verbose addNamed [ 'vue/compiler-sfc', '^3.0.0' ]
78 verbose addNamed [ null, '>=3.0.0-0 <4.0.0-0' ]
79 verbose cache add [ 'babel-eslint@^10.1.0', null ]
80 verbose cache add name=undefined spec="babel-eslint@^10.1.0" args=["babel-eslint@^10.1.0",null]
81 verbose parsed url Url {
81 verbose parsed url   protocol: null,
81 verbose parsed url   slashes: null,
81 verbose parsed url   auth: null,
81 verbose parsed url   host: null,
81 verbose parsed url   port: null,
81 verbose parsed url   hostname: null,
81 verbose parsed url   hash: null,
81 verbose parsed url   search: null,
81 verbose parsed url   query: null,
81 verbose parsed url   pathname: 'babel-eslint@%5E10.1.0',
81 verbose parsed url   path: 'babel-eslint@%5E10.1.0',
81 verbose parsed url   href: 'babel-eslint@%5E10.1.0' }
82 verbose cache add name="babel-eslint" spec="^10.1.0" args=["babel-eslint","^10.1.0"]
83 verbose parsed url Url {
83 verbose parsed url   protocol: null,
83 verbose parsed url   slashes: null,
83 verbose parsed url   auth: null,
83 verbose parsed url   host: null,
83 verbose parsed url   port: null,
83 verbose parsed url   hostname: null,
83 verbose parsed url   hash: null,
83 verbose parsed url   search: null,
83 verbose parsed url   query: null,
83 verbose parsed url   pathname: '%5E10.1.0',
83 verbose parsed url   path: '%5E10.1.0',
83 verbose parsed url   href: '%5E10.1.0' }
84 verbose addNamed [ 'babel-eslint', '^10.1.0' ]
85 verbose addNamed [ null, '>=10.1.0-0 <11.0.0-0' ]
86 verbose cache add [ 'eslint@^6.7.2', null ]
87 verbose cache add name=undefined spec="eslint@^6.7.2" args=["eslint@^6.7.2",null]
88 verbose parsed url Url {
88 verbose parsed url   protocol: null,
88 verbose parsed url   slashes: null,
88 verbose parsed url   auth: null,
88 verbose parsed url   host: null,
88 verbose parsed url   port: null,
88 verbose parsed url   hostname: null,
88 verbose parsed url   hash: null,
88 verbose parsed url   search: null,
88 verbose parsed url   query: null,
88 verbose parsed url   pathname: 'eslint@%5E6.7.2',
88 verbose parsed url   path: 'eslint@%5E6.7.2',
88 verbose parsed url   href: 'eslint@%5E6.7.2' }
89 verbose cache add name="eslint" spec="^6.7.2" args=["eslint","^6.7.2"]
90 verbose parsed url Url {
90 verbose parsed url   protocol: null,
90 verbose parsed url   slashes: null,
90 verbose parsed url   auth: null,
90 verbose parsed url   host: null,
90 verbose parsed url   port: null,
90 verbose parsed url   hostname: null,
90 verbose parsed url   hash: null,
90 verbose parsed url   search: null,
90 verbose parsed url   query: null,
90 verbose parsed url   pathname: '%5E6.7.2',
90 verbose parsed url   path: '%5E6.7.2',
90 verbose parsed url   href: '%5E6.7.2' }
91 verbose addNamed [ 'eslint', '^6.7.2' ]
92 verbose addNamed [ null, '>=6.7.2-0 <7.0.0-0' ]
93 verbose cache add [ 'eslint-plugin-vue@^7.0.0-0', null ]
94 verbose cache add name=undefined spec="eslint-plugin-vue@^7.0.0-0" args=["eslint-plugin-vue@^7.0.0-0",null]
95 verbose parsed url Url {
95 verbose parsed url   protocol: null,
95 verbose parsed url   slashes: null,
95 verbose parsed url   auth: null,
95 verbose parsed url   host: null,
95 verbose parsed url   port: null,
95 verbose parsed url   hostname: null,
95 verbose parsed url   hash: null,
95 verbose parsed url   search: null,
95 verbose parsed url   query: null,
95 verbose parsed url   pathname: 'eslint-plugin-vue@%5E7.0.0-0',
95 verbose parsed url   path: 'eslint-plugin-vue@%5E7.0.0-0',
95 verbose parsed url   href: 'eslint-plugin-vue@%5E7.0.0-0' }
96 verbose cache add name="eslint-plugin-vue" spec="^7.0.0-0" args=["eslint-plugin-vue","^7.0.0-0"]
97 verbose parsed url Url {
97 verbose parsed url   protocol: null,
97 verbose parsed url   slashes: null,
97 verbose parsed url   auth: null,
97 verbose parsed url   host: null,
97 verbose parsed url   port: null,
97 verbose parsed url   hostname: null,
97 verbose parsed url   hash: null,
97 verbose parsed url   search: null,
97 verbose parsed url   query: null,
97 verbose parsed url   pathname: '%5E7.0.0-0',
97 verbose parsed url   path: '%5E7.0.0-0',
97 verbose parsed url   href: '%5E7.0.0-0' }
98 verbose addNamed [ 'eslint-plugin-vue', '^7.0.0-0' ]
99 verbose addNamed [ null, '>=7.0.0-0 <8.0.0-0' ]
100 silly lockFile b891a701-core-js-3-6-5 core-js@^3.6.5
101 verbose lock core-js@^3.6.5 /home/ec2-user/.npm/b891a701-core-js-3-6-5.lock
102 silly lockFile 6d97db81-d3-6-5-0 d3@^6.5.0
103 verbose lock d3@^6.5.0 /home/ec2-user/.npm/6d97db81-d3-6-5-0.lock
104 silly lockFile 3f1b6789-element-plus-1-0-2-beta-33 element-plus@^1.0.2-beta.33
105 verbose lock element-plus@^1.0.2-beta.33 /home/ec2-user/.npm/3f1b6789-element-plus-1-0-2-beta-33.lock
106 silly lockFile a61ebda6-mapbox-gl-2-1-1 mapbox-gl@^2.1.1
107 verbose lock mapbox-gl@^2.1.1 /home/ec2-user/.npm/a61ebda6-mapbox-gl-2-1-1.lock
108 silly lockFile bf2225ab-vue-3-0-0 vue@^3.0.0
109 verbose lock vue@^3.0.0 /home/ec2-user/.npm/bf2225ab-vue-3-0-0.lock
110 silly lockFile 6feba253-vue-cli-plugin-babel-4-5-0 vue/cli-plugin-babel@~4.5.0
111 verbose lock vue/cli-plugin-babel@~4.5.0 /home/ec2-user/.npm/6feba253-vue-cli-plugin-babel-4-5-0.lock
112 silly lockFile c3471493-vue-cli-plugin-eslint-4-5-0 vue/cli-plugin-eslint@~4.5.0
113 verbose lock vue/cli-plugin-eslint@~4.5.0 /home/ec2-user/.npm/c3471493-vue-cli-plugin-eslint-4-5-0.lock
114 silly lockFile ed99bad3-vue-cli-service-4-5-0 vue/cli-service@~4.5.0
115 verbose lock vue/cli-service@~4.5.0 /home/ec2-user/.npm/ed99bad3-vue-cli-service-4-5-0.lock
116 silly lockFile c0f10f15-vue-compiler-sfc-3-0-0 vue/compiler-sfc@^3.0.0
117 verbose lock vue/compiler-sfc@^3.0.0 /home/ec2-user/.npm/c0f10f15-vue-compiler-sfc-3-0-0.lock
118 silly lockFile 37b132b6-babel-eslint-10-1-0 babel-eslint@^10.1.0
119 verbose lock babel-eslint@^10.1.0 /home/ec2-user/.npm/37b132b6-babel-eslint-10-1-0.lock
120 silly lockFile f9d37b01-eslint-6-7-2 eslint@^6.7.2
121 verbose lock eslint@^6.7.2 /home/ec2-user/.npm/f9d37b01-eslint-6-7-2.lock
122 silly lockFile e590d0fb-eslint-plugin-vue-7-0-0-0 eslint-plugin-vue@^7.0.0-0
123 verbose lock eslint-plugin-vue@^7.0.0-0 /home/ec2-user/.npm/e590d0fb-eslint-plugin-vue-7-0-0-0.lock
124 silly addNameRange { name: 'core-js', range: '>=3.6.5-0 <4.0.0-0', hasData: false }
125 silly addNameRange { name: 'd3', range: '>=6.5.0-0 <7.0.0-0', hasData: false }
126 silly addNameRange { name: 'element-plus',
126 silly addNameRange   range: '>=1.0.2-beta.33 <2.0.0-0',
126 silly addNameRange   hasData: false }
127 silly addNameRange { name: 'mapbox-gl',
127 silly addNameRange   range: '>=2.1.1-0 <3.0.0-0',
127 silly addNameRange   hasData: false }
128 silly addNameRange { name: 'vue', range: '>=3.0.0-0 <4.0.0-0', hasData: false }
129 silly addNameRange { name: 'vue/cli-plugin-babel',
129 silly addNameRange   range: '>=4.5.0-0 <4.6.0-0',
129 silly addNameRange   hasData: false }
130 silly addNameRange { name: 'vue/cli-plugin-eslint',
130 silly addNameRange   range: '>=4.5.0-0 <4.6.0-0',
130 silly addNameRange   hasData: false }
131 silly addNameRange { name: 'vue/cli-service',
131 silly addNameRange   range: '>=4.5.0-0 <4.6.0-0',
131 silly addNameRange   hasData: false }
132 silly addNameRange { name: 'vue/compiler-sfc',
132 silly addNameRange   range: '>=3.0.0-0 <4.0.0-0',
132 silly addNameRange   hasData: false }
133 silly addNameRange { name: 'babel-eslint',
133 silly addNameRange   range: '>=10.1.0-0 <11.0.0-0',
133 silly addNameRange   hasData: false }
134 silly addNameRange { name: 'eslint', range: '>=6.7.2-0 <7.0.0-0', hasData: false }
135 silly addNameRange { name: 'eslint-plugin-vue',
135 silly addNameRange   range: '>=7.0.0-0 <8.0.0-0',
135 silly addNameRange   hasData: false }
136 verbose url raw core-js
137 verbose url resolving [ 'https://registry.npmjs.org/', './core-js' ]
138 verbose url resolved https://registry.npmjs.org/core-js
139 info trying registry request attempt 1 at 6:51:06 PM
140 http GET https://registry.npmjs.org/core-js
141 verbose url raw d3
142 verbose url resolving [ 'https://registry.npmjs.org/', './d3' ]
143 verbose url resolved https://registry.npmjs.org/d3
144 info trying registry request attempt 1 at 6:51:06 PM
145 http GET https://registry.npmjs.org/d3
146 verbose url raw element-plus
147 verbose url resolving [ 'https://registry.npmjs.org/', './element-plus' ]
148 verbose url resolved https://registry.npmjs.org/element-plus
149 info trying registry request attempt 1 at 6:51:06 PM
150 http GET https://registry.npmjs.org/element-plus
151 verbose url raw mapbox-gl
152 verbose url resolving [ 'https://registry.npmjs.org/', './mapbox-gl' ]
153 verbose url resolved https://registry.npmjs.org/mapbox-gl
154 info trying registry request attempt 1 at 6:51:06 PM
155 http GET https://registry.npmjs.org/mapbox-gl
156 verbose url raw vue
157 verbose url resolving [ 'https://registry.npmjs.org/', './vue' ]
158 verbose url resolved https://registry.npmjs.org/vue
159 info trying registry request attempt 1 at 6:51:06 PM
160 http GET https://registry.npmjs.org/vue
161 verbose url raw vue/cli-plugin-babel
162 verbose url resolving [ 'https://registry.npmjs.org/', './vue/cli-plugin-babel' ]
163 verbose url resolved https://registry.npmjs.org/vue/cli-plugin-babel
164 info trying registry request attempt 1 at 6:51:06 PM
165 http GET https://registry.npmjs.org/vue/cli-plugin-babel
166 verbose url raw vue/cli-plugin-eslint
167 verbose url resolving [ 'https://registry.npmjs.org/', './vue/cli-plugin-eslint' ]
168 verbose url resolved https://registry.npmjs.org/vue/cli-plugin-eslint
169 info trying registry request attempt 1 at 6:51:06 PM
170 http GET https://registry.npmjs.org/vue/cli-plugin-eslint
171 verbose url raw vue/cli-service
172 verbose url resolving [ 'https://registry.npmjs.org/', './vue/cli-service' ]
173 verbose url resolved https://registry.npmjs.org/vue/cli-service
174 info trying registry request attempt 1 at 6:51:06 PM
175 http GET https://registry.npmjs.org/vue/cli-service
176 verbose url raw vue/compiler-sfc
177 verbose url resolving [ 'https://registry.npmjs.org/', './vue/compiler-sfc' ]
178 verbose url resolved https://registry.npmjs.org/vue/compiler-sfc
179 info trying registry request attempt 1 at 6:51:06 PM
180 http GET https://registry.npmjs.org/vue/compiler-sfc
181 verbose url raw babel-eslint
182 verbose url resolving [ 'https://registry.npmjs.org/', './babel-eslint' ]
183 verbose url resolved https://registry.npmjs.org/babel-eslint
184 info trying registry request attempt 1 at 6:51:06 PM
185 http GET https://registry.npmjs.org/babel-eslint
186 verbose url raw eslint
187 verbose url resolving [ 'https://registry.npmjs.org/', './eslint' ]
188 verbose url resolved https://registry.npmjs.org/eslint
189 info trying registry request attempt 1 at 6:51:06 PM
190 http GET https://registry.npmjs.org/eslint
191 verbose url raw eslint-plugin-vue
192 verbose url resolving [ 'https://registry.npmjs.org/', './eslint-plugin-vue' ]
193 verbose url resolved https://registry.npmjs.org/eslint-plugin-vue
194 info trying registry request attempt 1 at 6:51:06 PM
195 http GET https://registry.npmjs.org/eslint-plugin-vue
196 info retry will retry, error on last attempt: Error: unable to get local issuer certificate
197 info retry will retry, error on last attempt: Error: unable to get local issuer certificate
198 info retry will retry, error on last attempt: Error: unable to get local issuer certificate
199 info retry will retry, error on last attempt: Error: unable to get local issuer certificate
200 info retry will retry, error on last attempt: Error: unable to get local issuer certificate
201 info retry will retry, error on last attempt: Error: unable to get local issuer certificate
202 info retry will retry, error on last attempt: Error: unable to get local issuer certificate
203 info retry will retry, error on last attempt: Error: unable to get local issuer certificate
204 info retry will retry, error on last attempt: Error: unable to get local issuer certificate
205 info retry will retry, error on last attempt: Error: unable to get local issuer certificate
206 info retry will retry, error on last attempt: Error: unable to get local issuer certificate
207 info retry will retry, error on last attempt: Error: unable to get local issuer certificate
208 info trying registry request attempt 2 at 6:51:16 PM
209 http GET https://registry.npmjs.org/vue
210 info trying registry request attempt 2 at 6:51:16 PM
211 http GET https://registry.npmjs.org/vue/cli-service
212 info trying registry request attempt 2 at 6:51:16 PM
213 http GET https://registry.npmjs.org/eslint
214 info trying registry request attempt 2 at 6:51:16 PM
215 http GET https://registry.npmjs.org/babel-eslint
216 info trying registry request attempt 2 at 6:51:16 PM
217 http GET https://registry.npmjs.org/core-js
218 info trying registry request attempt 2 at 6:51:16 PM
219 http GET https://registry.npmjs.org/vue/cli-plugin-eslint
220 info trying registry request attempt 2 at 6:51:16 PM
221 http GET https://registry.npmjs.org/mapbox-gl
222 info trying registry request attempt 2 at 6:51:16 PM
223 http GET https://registry.npmjs.org/element-plus
224 info trying registry request attempt 2 at 6:51:16 PM
225 http GET https://registry.npmjs.org/vue/cli-plugin-babel
226 info trying registry request attempt 2 at 6:51:16 PM
227 http GET https://registry.npmjs.org/vue/compiler-sfc
228 info trying registry request attempt 2 at 6:51:16 PM
229 http GET https://registry.npmjs.org/eslint-plugin-vue
230 info trying registry request attempt 2 at 6:51:16 PM
231 http GET https://registry.npmjs.org/d3
232 info retry will retry, error on last attempt: Error: unable to get local issuer certificate
233 info retry will retry, error on last attempt: Error: unable to get local issuer certificate
234 info retry will retry, error on last attempt: Error: unable to get local issuer certificate
235 info retry will retry, error on last attempt: Error: unable to get local issuer certificate
236 info retry will retry, error on last attempt: Error: unable to get local issuer certificate
237 info retry will retry, error on last attempt: Error: unable to get local issuer certificate
238 info retry will retry, error on last attempt: Error: unable to get local issuer certificate
239 info retry will retry, error on last attempt: Error: unable to get local issuer certificate
240 info retry will retry, error on last attempt: Error: unable to get local issuer certificate
241 info retry will retry, error on last attempt: Error: unable to get local issuer certificate
242 info retry will retry, error on last attempt: Error: unable to get local issuer certificate
243 info retry will retry, error on last attempt: Error: unable to get local issuer certificate
244 info trying registry request attempt 3 at 6:52:16 PM
245 http GET https://registry.npmjs.org/eslint
246 silly lockFile f9d37b01-eslint-6-7-2 eslint@^6.7.2
247 silly lockFile f9d37b01-eslint-6-7-2 eslint@^6.7.2
248 error Error: unable to get local issuer certificate
248 error     at Error (native)
248 error     at TLSSocket.<anonymous> (_tls_wrap.js:1092:38)
248 error     at emitNone (events.js:86:13)
248 error     at TLSSocket.emit (events.js:185:7)
248 error     at TLSSocket._finishInit (_tls_wrap.js:609:8)
248 error     at TLSWrap.ssl.onhandshakedone (_tls_wrap.js:439:38)
249 error If you need help, you may report this log at:
249 error     <http://github.com/isaacs/npm/issues>
249 error or email it to:
249 error     <npm-@googlegroups.com>
250 error System Linux 4.14.214-118.339.amzn1.x86_64
251 error command "/home/ec2-user/.nvm/versions/node/v6.14.4/bin/node" "/usr/bin/npm" "install"
252 error cwd /home/ec2-user/environment/major-studio-2/frameworks/05-geo
253 error node -v v6.14.4
254 error npm -v 1.3.6
255 error code UNABLE_TO_GET_ISSUER_CERT_LOCALLY
256 verbose exit [ 1, true ]
